<?xml version="1.0" encoding="UTF-8"?>
<!-- Generated by org.testng.reporters.JUnitXMLReporter -->
<testsuite hostname="DESKTOP-STKHBHP" name="Test1" tests="6" failures="0" timestamp="30 Apr 2021 08:37:35 GMT" time="0.264" errors="0">
  <testcase name="deletertwitter" time="0.058" classname="Udemy.MavenDemo.RestAPI_Test"/>
  <testcase name="postjira" time="0.002" classname="Udemy.MavenDemo.RestAPI_Test"/>
  <testcase name="IOSApp" time="0.002" classname="Udemy.MavenDemo.Appium_Test"/>
  <testcase name="RestAPi" time="0.002" classname="Udemy.MavenDemo.Appium_Test"/>
  <testcase name="BrowserAutomation" time="0.002" classname="Udemy.MavenDemo.Selnium_Test"/>
  <testcase name="elementUi" time="0.002" classname="Udemy.MavenDemo.Selnium_Test"/>
</testsuite> <!-- Test1 -->
